\\mac\home\desktop\directx game framework 201705\directxgameframework\debug\directx game framework.pch
\\mac\home\desktop\directx game framework 201705\directxgameframework\debug\vc140.pdb
\\mac\home\desktop\directx game framework 201705\directxgameframework\debug\vc140.idb
\\mac\home\desktop\directx game framework 201705\directxgameframework\debug\pch.obj
\\mac\home\desktop\directx game framework 201705\directxgameframework\debug\debugcamera.obj
\\mac\home\desktop\directx game framework 201705\directxgameframework\debug\game.obj
\\mac\home\desktop\directx game framework 201705\directxgameframework\debug\graphics.obj
\\mac\home\desktop\directx game framework 201705\directxgameframework\debug\grid.obj
\\mac\home\desktop\directx game framework 201705\directxgameframework\debug\main.obj
\\mac\home\desktop\directx game framework 201705\directxgameframework\debug\window.obj
\\mac\home\desktop\directx game framework 201705\debug\directx game framework.lib
\\mac\home\desktop\directx game framework 201705\debug\directx game framework.exp
\\mac\home\desktop\directx game framework 201705\debug\directx game framework.ilk
\\mac\home\desktop\directx game framework 201705\debug\directx game framework.exe
\\mac\home\desktop\directx game framework 201705\debug\directx game framework.pdb
\\mac\home\desktop\directx game framework 201705\directxgameframework\debug\directx game framework.exe.embed.manifest.res
\\mac\home\desktop\directx game framework 201705\directxgameframework\debug\directx game framework.exe.embed.manifest
\\mac\home\desktop\directx game framework 201705\directxgameframework\debug\resource.res
\\mac\home\desktop\directx game framework 201705\directxgameframework\debug\directx game framework_manifest.rc
\\mac\home\desktop\directx game framework 201705\directxgameframework\debug\directx .4b2a9223.tlog\cl.command.1.tlog
\\mac\home\desktop\directx game framework 201705\directxgameframework\debug\directx .4b2a9223.tlog\cl.read.1.tlog
\\mac\home\desktop\directx game framework 201705\directxgameframework\debug\directx .4b2a9223.tlog\cl.write.1.tlog
\\mac\home\desktop\directx game framework 201705\directxgameframework\debug\directx .4b2a9223.tlog\directx game framework.write.1u.tlog
\\mac\home\desktop\directx game framework 201705\directxgameframework\debug\directx .4b2a9223.tlog\link.command.1.tlog
\\mac\home\desktop\directx game framework 201705\directxgameframework\debug\directx .4b2a9223.tlog\link.read.1.tlog
\\mac\home\desktop\directx game framework 201705\directxgameframework\debug\directx .4b2a9223.tlog\link.write.1.tlog
\\mac\home\desktop\directx game framework 201705\directxgameframework\debug\directx .4b2a9223.tlog\rc.command.1.tlog
\\mac\home\desktop\directx game framework 201705\directxgameframework\debug\directx .4b2a9223.tlog\rc.read.1.tlog
\\mac\home\desktop\directx game framework 201705\directxgameframework\debug\directx .4b2a9223.tlog\rc.write.1.tlog
