\\mac\home\documents\visual studio 2015\projects\directxgameframework 201705\directxgameframework\debug\directxgameframework.pch
\\mac\home\documents\visual studio 2015\projects\directxgameframework 201705\directxgameframework\debug\vc140.pdb
\\mac\home\documents\visual studio 2015\projects\directxgameframework 201705\directxgameframework\debug\vc140.idb
\\mac\home\documents\visual studio 2015\projects\directxgameframework 201705\directxgameframework\debug\pch.obj
\\mac\home\documents\visual studio 2015\projects\directxgameframework 201705\directxgameframework\debug\debugcamera.obj
\\mac\home\documents\visual studio 2015\projects\directxgameframework 201705\directxgameframework\debug\earth.obj
\\mac\home\documents\visual studio 2015\projects\directxgameframework 201705\directxgameframework\debug\game.obj
\\mac\home\documents\visual studio 2015\projects\directxgameframework 201705\directxgameframework\debug\graphics.obj
\\mac\home\documents\visual studio 2015\projects\directxgameframework 201705\directxgameframework\debug\grid.obj
\\mac\home\documents\visual studio 2015\projects\directxgameframework 201705\directxgameframework\debug\line.obj
\\mac\home\documents\visual studio 2015\projects\directxgameframework 201705\directxgameframework\debug\main.obj
\\mac\home\documents\visual studio 2015\projects\directxgameframework 201705\directxgameframework\debug\window.obj
\\mac\home\documents\visual studio 2015\projects\directxgameframework 201705\directxgameframework\debug\moon.obj
\\mac\home\desktop\directx game framework 201705\directxgameframework\debug\directxgameframework.pch
\\mac\home\desktop\directx game framework 201705\directxgameframework\debug\vc140.pdb
\\mac\home\desktop\directx game framework 201705\directxgameframework\debug\vc140.idb
\\mac\home\desktop\directx game framework 201705\directxgameframework\debug\pch.obj
\\mac\home\desktop\directx game framework 201705\directxgameframework\debug\debugcamera.obj
\\mac\home\desktop\directx game framework 201705\directxgameframework\debug\graphics.obj
\\mac\home\desktop\directx game framework 201705\directxgameframework\debug\grid.obj
\\mac\home\desktop\directx game framework 201705\directxgameframework\debug\line.obj
\\mac\home\desktop\directx game framework 201705\directxgameframework\debug\game.obj
\\mac\home\desktop\directx game framework 201705\directxgameframework\debug\main.obj
\\mac\home\desktop\directx game framework 201705\directxgameframework\debug\window.obj
\\mac\home\documents\visual studio 2015\projects\directxgameframework 201705\debug\directxgameframework.lib
\\mac\home\documents\visual studio 2015\projects\directxgameframework 201705\debug\directxgameframework.exp
\\mac\home\desktop\directx game framework 201705\debug\directxgameframework.lib
\\mac\home\desktop\directx game framework 201705\debug\directxgameframework.exp
\\mac\home\documents\visual studio 2015\projects\directxgameframework 201705\debug\directxgameframework.ilk
\\mac\home\documents\visual studio 2015\projects\directxgameframework 201705\debug\directxgameframework.exe
\\mac\home\documents\visual studio 2015\projects\directxgameframework 201705\debug\directxgameframework.pdb
\\mac\home\desktop\directx game framework 201705\debug\directxgameframework.ilk
\\mac\home\desktop\directx game framework 201705\debug\directxgameframework.exe
\\mac\home\desktop\directx game framework 201705\debug\directxgameframework.pdb
\\mac\home\documents\visual studio 2015\projects\directxgameframework 201705\directxgameframework\debug\directxgameframework.exe.embed.manifest.res
\\mac\home\documents\visual studio 2015\projects\directxgameframework 201705\directxgameframework\debug\resource.res
\\mac\home\desktop\directx game framework 201705\directxgameframework\debug\earth.obj
\\mac\home\desktop\directx game framework 201705\directxgameframework\debug\moon.obj
\\mac\home\desktop\directx game framework 201705\directxgameframework\debug\directxgameframework.exe.embed.manifest
\\mac\home\desktop\directx game framework 201705\directxgameframework\debug\directxgameframework.exe.embed.manifest.res
\\mac\home\desktop\directx game framework 201705\directxgameframework\debug\resource.res
\\mac\home\desktop\directx game framework 201705\directxgameframework\debug\directxgameframework_manifest.rc
\\mac\home\desktop\directx game framework 201705\directxgameframework\debug\directxg.4b2a9223.tlog\cl.command.1.tlog
\\mac\home\desktop\directx game framework 201705\directxgameframework\debug\directxg.4b2a9223.tlog\cl.read.1.tlog
\\mac\home\desktop\directx game framework 201705\directxgameframework\debug\directxg.4b2a9223.tlog\cl.write.1.tlog
\\mac\home\desktop\directx game framework 201705\directxgameframework\debug\directxg.4b2a9223.tlog\directxgameframework.write.1u.tlog
\\mac\home\desktop\directx game framework 201705\directxgameframework\debug\directxg.4b2a9223.tlog\link.command.1.tlog
\\mac\home\desktop\directx game framework 201705\directxgameframework\debug\directxg.4b2a9223.tlog\link.read.1.tlog
\\mac\home\desktop\directx game framework 201705\directxgameframework\debug\directxg.4b2a9223.tlog\link.write.1.tlog
\\mac\home\desktop\directx game framework 201705\directxgameframework\debug\directxg.4b2a9223.tlog\rc.command.1.tlog
\\mac\home\desktop\directx game framework 201705\directxgameframework\debug\directxg.4b2a9223.tlog\rc.read.1.tlog
\\mac\home\desktop\directx game framework 201705\directxgameframework\debug\directxg.4b2a9223.tlog\rc.write.1.tlog
